Build started 5/13/2019 3:58:24 AM.
     1>Project "C:\Users\Luis\git\quake2-mods\game\game.vcxproj" on node 2 (Build target(s)).
     1>C:\Program Files (x86)\MSBuild\Microsoft.Cpp\v4.0\V120\Microsoft.CppBuild.targets(357,5): warning MSB8004: Output Directory does not end with a trailing slash.  This build instance will add the slash as it is required to allow proper evaluation of the Output Directory.
     1>ClCompile:
         C:\Program Files (x86)\Microsoft Visual Studio 12.0\VC\bin\CL.exe /c /Z7 /nologo /W4 /WX- /O2 /Oy- /D WIN32 /D NDEBUG /D _WINDOWS /D _VC80_UPGRADE=0x0600 /D _WINDLL /GF /Gm- /EHsc /MT /GS /Gy /fp:precise /Zc:wchar_t /Zc:forScope /Fo".\release\\" /Fd".\release\vc120.pdb" /Gd /TC /analyze- /errorReport:prompt p_client.c
         p_client.c
     1>p_client.c(46): warning C4127: conditional expression is constant
     1>p_client.c(70): warning C4100: 'self' : unreferenced formal parameter
     1>p_client.c(179): warning C4100: 'damage' : unreferenced formal parameter
     1>p_client.c(179): warning C4100: 'kick' : unreferenced formal parameter
     1>p_client.c(179): warning C4100: 'other' : unreferenced formal parameter
     1>p_client.c(179): warning C4100: 'self' : unreferenced formal parameter
     1>p_client.c(211): warning C4100: 'inflictor' : unreferenced formal parameter
     1>p_client.c(501): warning C4100: 'point' : unreferenced formal parameter
     1>p_client.c(846): warning C4127: conditional expression is constant
     1>p_client.c(931): warning C4100: 'point' : unreferenced formal parameter
     1>p_client.c(931): warning C4100: 'attacker' : unreferenced formal parameter
     1>p_client.c(931): warning C4100: 'inflictor' : unreferenced formal parameter
     1>p_client.c(1299): warning C4101: 'ent' : unreferenced local variable
     1>p_client.c(1298): warning C4101: 'e_btm' : unreferenced local variable
     1>p_client.c(1297): warning C4189: 'ffd' : local variable is initialized but not referenced
     1>p_client.c(1295): warning C4101: 'pm' : unreferenced local variable
     1>p_client.c(1298): warning C4101: 'p_top' : unreferenced local variable
     1>p_client.c(1296): warning C4101: 'forward' : unreferenced local variable
     1>p_client.c(1298): warning C4101: 'p_btm' : unreferenced local variable
     1>p_client.c(1298): warning C4101: 'e_top' : unreferenced local variable
     1>p_client.c(1299): warning C4101: 'ground' : unreferenced local variable
     1>p_client.c(1372): warning C4101: 'index' : unreferenced local variable
     1>p_client.c(1432): warning C4013: 'Nullstar_Fire' undefined; assuming extern returning int
     1>p_client.c(1428): warning C4101: 'dmg' : unreferenced local variable
     1>p_client.c(1439): warning C4013: 'Antimatter_Drop_Fire' undefined; assuming extern returning int
     1>p_client.c(1445): warning C4013: 'Wormhole_Fire' undefined; assuming extern returning int
     1>p_client.c(1471): warning C4013: 'Shock_Fire' undefined; assuming extern returning int
     1>p_client.c(1483): warning C4013: 'Oberon_Fire' undefined; assuming extern returning int
     1>p_client.c(1622): warning C4996: 'strcpy': This function or variable may be unsafe. Consider using strcpy_s instead. To disable deprecation, use _CRT_SECURE_NO_WARNINGS. See online help for details.
     1>p_client.c(1627): warning C4996: 'strncpy': This function or variable may be unsafe. Consider using strncpy_s instead. To disable deprecation, use _CRT_SECURE_NO_WARNINGS. See online help for details.
                 C:\Program Files (x86)\Microsoft Visual Studio 12.0\VC\include\string.h(195) : see declaration of 'strncpy'
     1>p_client.c(1667): warning C4996: 'strncpy': This function or variable may be unsafe. Consider using strncpy_s instead. To disable deprecation, use _CRT_SECURE_NO_WARNINGS. See online help for details.
                 C:\Program Files (x86)\Microsoft Visual Studio 12.0\VC\include\string.h(195) : see declaration of 'strncpy'
     1>p_client.c(2001): warning C4101: 'tar' : unreferenced local variable
     1>p_client.c(2002): warning C4101: 'aimdir' : unreferenced local variable
     1>c:\users\luis\git\quake2-mods\game\p_client.c(1454): warning C4700: uninitialized local variable 'ent' used
       Link:
         C:\Program Files (x86)\Microsoft Visual Studio 12.0\VC\bin\link.exe /ERRORREPORT:PROMPT /OUT:"..\..\..\..\..\Program Files (x86)\Steam\steamapps\common\Quake 2\warframe\gamex86.dll" /NOLOGO winmm.lib kernel32.lib user32.lib gdi32.lib winspool.lib comdlg32.lib advapi32.lib shell32.lib ole32.lib oleaut32.lib uuid.lib odbc32.lib odbccp32.lib /DEF:".\game.def" /MANIFEST /MANIFESTUAC:"level='asInvoker' uiAccess='false'" /manifest:embed /PDB:"..\..\..\..\..\Program Files (x86)\Steam\steamapps\common\Quake 2\warframe\gamex86.pdb" /SUBSYSTEM:WINDOWS /TLBID:1 /BASE:"0x20000000" /DYNAMICBASE /NXCOMPAT /IMPLIB:".\..\release\gamex86.lib" /MACHINE:X86 /SAFESEH /DLL .\release\g_ai.obj
         .\release\g_chase.obj
         .\release\g_cmds.obj
         .\release\g_combat.obj
         .\release\g_func.obj
         .\release\g_items.obj
         .\release\g_main.obj
         .\release\g_misc.obj
         .\release\g_monster.obj
         .\release\g_phys.obj
         .\release\g_save.obj
         .\release\g_spawn.obj
         .\release\g_svcmds.obj
         .\release\g_target.obj
         .\release\g_trigger.obj
         .\release\g_turret.obj
         .\release\g_utils.obj
         .\release\g_weapon.obj
         .\release\m_actor.obj
         .\release\m_berserk.obj
         .\release\m_boss2.obj
         .\release\m_boss3.obj
         .\release\m_boss31.obj
         .\release\m_boss32.obj
         .\release\m_brain.obj
         .\release\m_chick.obj
         .\release\m_flash.obj
         .\release\m_flipper.obj
         .\release\m_float.obj
         .\release\m_flyer.obj
         .\release\m_gladiator.obj
         .\release\m_gunner.obj
         .\release\m_hover.obj
         .\release\m_infantry.obj
         .\release\m_insane.obj
         .\release\m_medic.obj
         .\release\m_move.obj
         .\release\m_mutant.obj
         .\release\m_parasite.obj
         .\release\m_soldier.obj
         .\release\m_supertank.obj
         .\release\m_tank.obj
         .\release\p_client.obj
         .\release\p_hud.obj
         .\release\p_trail.obj
         .\release\p_view.obj
         .\release\p_weapon.obj
         .\release\q_shared.obj
            Creating library .\..\release\gamex86.lib and object .\..\release\gamex86.exp
         game.vcxproj -> C:\Users\Luis\git\quake2-mods\game\..\..\..\..\..\Program Files (x86)\Steam\steamapps\common\Quake 2\warframe\gamex86.dll
     1>Done Building Project "C:\Users\Luis\git\quake2-mods\game\game.vcxproj" (Build target(s)).

Build succeeded.

Time Elapsed 00:00:00.94
